Log file open, 11/02/19 11:08:18
LogWindows: Failed to load 'aqProf.dll' (GetLastError=126)
LogWindows: File 'aqProf.dll' does not exist
LogWindows: Failed to load 'VtuneApi.dll' (GetLastError=126)
LogWindows: File 'VtuneApi.dll' does not exist
LogWindows: Failed to load 'VtuneApi32e.dll' (GetLastError=126)
LogWindows: File 'VtuneApi32e.dll' does not exist
LogConsoleResponse: Display: Failed to find resolution value strings in scalability ini. Falling back to default.
LogInit: Display: Running engine for game: AZALandscape
LogPlatformFile: Not using cached read wrapper
LogTaskGraph: Started task graph with 5 named threads and 23 total threads with 3 sets of task threads.
LogStats: Stats thread started at 0.086002
LogD3D11RHI: Loaded GFSDK_Aftermath_Lib.x64.dll
LogICUInternationalization: ICU TimeZone Detection - Raw Offset: -8:00, Platform Override: ''
LogPluginManager: Mounting plugin Paper2D
LogPluginManager: Mounting plugin AISupport
LogPluginManager: Mounting plugin LightPropagationVolume
LogPluginManager: Mounting plugin ActorLayerUtilities
LogPluginManager: Mounting plugin AnimationSharing
LogPluginManager: Mounting plugin CLionSourceCodeAccess
LogPluginManager: Mounting plugin CodeLiteSourceCodeAccess
LogPluginManager: Mounting plugin GitSourceControl
LogPluginManager: Mounting plugin KDevelopSourceCodeAccess
LogPluginManager: Mounting plugin NullSourceCodeAccess
LogPluginManager: Mounting plugin PerforceSourceControl
LogPluginManager: Mounting plugin SubversionSourceControl
LogPluginManager: Mounting plugin UObjectPlugin
LogPluginManager: Mounting plugin VisualStudioCodeSourceCodeAccess
LogPluginManager: Mounting plugin VisualStudioSourceCodeAccess
LogPluginManager: Mounting plugin XCodeSourceCodeAccess
LogPluginManager: Mounting plugin AssetManagerEditor
LogPluginManager: Mounting plugin CryptoKeys
LogPluginManager: Mounting plugin CurveEditorTools
LogPluginManager: Mounting plugin DataValidation
LogPluginManager: Mounting plugin FacialAnimation
LogPluginManager: Mounting plugin GameplayTagsEditor
LogPluginManager: Mounting plugin MacGraphicsSwitching
LogPluginManager: Mounting plugin MaterialAnalyzer
LogPluginManager: Mounting plugin MobileLauncherProfileWizard
LogPluginManager: Mounting plugin PluginBrowser
LogPluginManager: Mounting plugin SpeedTreeImporter
LogPluginManager: Mounting plugin DatasmithContent
LogPluginManager: Mounting plugin VariantManagerContent
LogPluginManager: Mounting plugin AlembicImporter
LogPluginManager: Mounting plugin AutomationUtils
LogPluginManager: Mounting plugin BackChannel
LogPluginManager: Mounting plugin CharacterAI
LogPluginManager: Mounting plugin GeometryCache
LogPluginManager: Mounting plugin HTML5Networking
LogPluginManager: Mounting plugin PlatformCrypto
LogPluginManager: Mounting plugin ProxyLODPlugin
LogPluginManager: Mounting plugin SkeletalReduction
LogPluginManager: Mounting plugin MagicLeap
LogPluginManager: Mounting plugin MagicLeapMedia
LogPluginManager: Mounting plugin AndroidMedia
LogPluginManager: Mounting plugin AvfMedia
LogPluginManager: Mounting plugin ImgMedia
LogPluginManager: Mounting plugin MediaCompositing
LogPluginManager: Mounting plugin MediaPlayerEditor
LogPluginManager: Mounting plugin WebMMedia
LogPluginManager: Mounting plugin WmfMedia
LogPluginManager: Mounting plugin TcpMessaging
LogPluginManager: Mounting plugin UdpMessaging
LogPluginManager: Mounting plugin ActorSequence
LogPluginManager: Mounting plugin LevelSequenceEditor
LogPluginManager: Mounting plugin MatineeToLevelSequence
LogPluginManager: Mounting plugin NetcodeUnitTest
LogPluginManager: Mounting plugin NUTUnrealEngine4
LogPluginManager: Mounting plugin OnlineSubsystemGooglePlay
LogPluginManager: Mounting plugin OnlineSubsystemIOS
LogPluginManager: Mounting plugin OnlineSubsystem
LogPluginManager: Mounting plugin OnlineSubsystemNull
LogPluginManager: Mounting plugin OnlineSubsystemUtils
LogPluginManager: Mounting plugin LauncherChunkInstaller
LogPluginManager: Mounting plugin AndroidDeviceProfileSelector
LogPluginManager: Mounting plugin AndroidMoviePlayer
LogPluginManager: Mounting plugin AndroidPermission
LogPluginManager: Mounting plugin AppleImageUtils
LogPluginManager: Mounting plugin AppleMoviePlayer
LogPluginManager: Mounting plugin ArchVisCharacter
LogPluginManager: Mounting plugin AudioCapture
LogPluginManager: Mounting plugin CableComponent
LogPluginManager: Mounting plugin CustomMeshComponent
LogPluginManager: Mounting plugin EditableMesh
LogPluginManager: Mounting plugin ExampleDeviceProfileSelector
LogPluginManager: Mounting plugin GoogleCloudMessaging
LogPluginManager: Mounting plugin IOSDeviceProfileSelector
LogPluginManager: Mounting plugin LinuxDeviceProfileSelector
LogPluginManager: Mounting plugin LocationServicesBPLibrary
LogPluginManager: Mounting plugin MobilePatchingUtils
LogPluginManager: Mounting plugin OculusVR
LogPluginManager: Mounting plugin PhysXVehicles
LogPluginManager: Mounting plugin ProceduralMeshComponent
LogPluginManager: Mounting plugin RuntimePhysXCooking
LogPluginManager: Mounting plugin SignificanceManager
LogPluginManager: Mounting plugin SteamVR
LogPluginManager: Mounting plugin WebMMoviePlayer
LogPluginManager: Mounting plugin WindowsMoviePlayer
LogPluginManager: Mounting plugin ScreenshotTools
LogInit: Using libcurl 7.55.1-DEV
LogInit:  - built for x86_64-pc-win32
LogInit:  - supports SSL with OpenSSL/1.1.1
LogInit:  - supports HTTP deflate (compression) using libz 1.2.8
LogInit:  - other features:
LogInit:      CURL_VERSION_SSL
LogInit:      CURL_VERSION_LIBZ
LogInit:      CURL_VERSION_IPV6
LogInit:      CURL_VERSION_ASYNCHDNS
LogInit:      CURL_VERSION_LARGEFILE
LogInit:      CURL_VERSION_IDN
LogInit:  CurlRequestOptions (configurable via config and command line):
LogInit:  - bVerifyPeer = true  - Libcurl will verify peer certificate
LogInit:  - bUseHttpProxy = false  - Libcurl will NOT use HTTP proxy
LogInit:  - bDontReuseConnections = false  - Libcurl will reuse connections
LogInit:  - MaxHostConnections = 16  - Libcurl will limit the number of connections to a host
LogInit:  - LocalHostAddr = Default
LogInit:  - BufferSize = 65536
LogOnline: OSS: Creating online subsystem instance for: NULL
LogInit: WinSock: version 1.1 (2.2), MaxSocks=32767, MaxUdp=65467
LogInit: Build: ++UE4+Release-4.23-CL-8386587
LogInit: Engine Version: 4.23.0-8386587+++UE4+Release-4.23
LogInit: Compatible Engine Version: 4.23.0-8386587+++UE4+Release-4.23
LogInit: Net CL: 8386587
LogInit: OS: Windows 10 (Release 1903) (), CPU: Intel(R) Core(TM) i5-9300H CPU @ 2.40GHz, GPU: Intel(R) UHD Graphics 630
LogInit: Compiled (64-bit): Aug 31 2019 02:04:44
LogInit: Compiled with Visual C++: 19.16.27030.01
LogInit: Build Configuration: Development
LogInit: Branch Name: ++UE4+Release-4.23
LogInit: Command Line: 
LogInit: Base Directory: C:/Program Files/Epic Games/UE_4.23/Engine/Binaries/Win64/
LogInit: Installed Engine Build: 1
LogDevObjectVersion: Number of dev versions registered: 23
LogDevObjectVersion:   Dev-Blueprints (B0D832E4-1F89-4F0D-ACCF-7EB736FD4AA2): 10
LogDevObjectVersion:   Dev-Build (E1C64328-A22C-4D53-A36C-8E866417BD8C): 0
LogDevObjectVersion:   Dev-Core (375EC13C-06E4-48FB-B500-84F0262A717E): 3
LogDevObjectVersion:   Dev-Editor (E4B068ED-F494-42E9-A231-DA0B2E46BB41): 34
LogDevObjectVersion:   Dev-Framework (CFFC743F-43B0-4480-9391-14DF171D2073): 35
LogDevObjectVersion:   Dev-Mobile (B02B49B5-BB20-44E9-A304-32B752E40360): 2
LogDevObjectVersion:   Dev-Networking (A4E4105C-59A1-49B5-A7C5-40C4547EDFEE): 0
LogDevObjectVersion:   Dev-Online (39C831C9-5AE6-47DC-9A44-9C173E1C8E7C): 0
LogDevObjectVersion:   Dev-Physics (78F01B33-EBEA-4F98-B9B4-84EACCB95AA2): 0
LogDevObjectVersion:   Dev-Platform (6631380F-2D4D-43E0-8009-CF276956A95A): 0
LogDevObjectVersion:   Dev-Rendering (12F88B9F-8875-4AFC-A67C-D90C383ABD29): 31
LogDevObjectVersion:   Dev-Sequencer (7B5AE74C-D270-4C10-A958-57980B212A5A): 11
LogDevObjectVersion:   Dev-VR (D7296918-1DD6-4BDD-9DE2-64A83CC13884): 2
LogDevObjectVersion:   Dev-LoadTimes (C2A15278-BFE7-4AFE-6C17-90FF531DF755): 1
LogDevObjectVersion:   Private-Geometry (6EACA3D4-40EC-4CC1-B786-8BED09428FC5): 3
LogDevObjectVersion:   Dev-AnimPhys (29E575DD-E0A3-4627-9D10-D276232CDCEA): 17
LogDevObjectVersion:   Dev-Anim (AF43A65D-7FD3-4947-9873-3E8ED9C1BB05): 2
LogDevObjectVersion:   Dev-ReflectionCapture (6B266CEC-1EC7-4B8F-A30B-E4D90942FC07): 1
LogDevObjectVersion:   Dev-Automation (0DF73D61-A23F-47EA-B727-89E90C41499A): 1
LogDevObjectVersion:   FortniteMain (601D1886-AC64-4F84-AA16-D3DE0DEAC7D6): 27
LogDevObjectVersion:   Dev-Enterprise (9DFFBCD6-494F-0158-E221-12823C92A888): 6
LogDevObjectVersion:   Dev-Niagara (F2AED0AC-9AFE-416F-8664-AA7FFA26D6FC): 1
LogDevObjectVersion:   Dev-Destruction (174F1F0B-B4C6-45A5-B13F-2EE8D0FB917D): 9
LogInit: Presizing for max 16777216 objects, including 0 objects not considered by GC, pre-allocating 0 bytes for permanent pool.
LogInit: Object subsystem initialized
LogConfig: Setting CVar [[con.DebugEarlyDefault:1]]
LogConfig: Setting CVar [[r.setres:1280x720]]
[2019.11.02-18.08.18:506][  0]LogConfig: Setting CVar [[r.VSync:0]]
[2019.11.02-18.08.18:506][  0]LogConfig: Setting CVar [[r.RHICmdBypass:0]]
[2019.11.02-18.08.18:506][  0]LogConfig: Applying CVar settings from Section [/Script/Engine.RendererSettings] File [C:/Users/Vatsav/Documents/Unreal Projects/AZALandscape/Saved/Config/Windows/Engine.ini]
[2019.11.02-18.08.18:506][  0]LogConfig: Setting CVar [[r.GPUCrashDebugging:0]]
[2019.11.02-18.08.18:506][  0]LogConfig: Setting CVar [[r.DefaultFeature.AutoExposure.ExtendDefaultLuminanceRange:1]]
[2019.11.02-18.08.18:506][  0]LogConfig: Applying CVar settings from Section [/Script/Engine.RendererOverrideSettings] File [C:/Users/Vatsav/Documents/Unreal Projects/AZALandscape/Saved/Config/Windows/Engine.ini]
[2019.11.02-18.08.18:506][  0]LogConfig: Applying CVar settings from Section [/Script/Engine.StreamingSettings] File [C:/Users/Vatsav/Documents/Unreal Projects/AZALandscape/Saved/Config/Windows/Engine.ini]
[2019.11.02-18.08.18:506][  0]LogConfig: Setting CVar [[s.MinBulkDataSizeForAsyncLoading:131072]]
[2019.11.02-18.08.18:506][  0]LogConfig: Setting CVar [[s.AsyncLoadingThreadEnabled:0]]
[2019.11.02-18.08.18:506][  0]LogConfig: Setting CVar [[s.EventDrivenLoaderEnabled:1]]
[2019.11.02-18.08.18:506][  0]LogConfig: Setting CVar [[s.WarnIfTimeLimitExceeded:0]]
[2019.11.02-18.08.18:506][  0]LogConfig: Setting CVar [[s.TimeLimitExceededMultiplier:1.5]]
[2019.11.02-18.08.18:506][  0]LogConfig: Setting CVar [[s.TimeLimitExceededMinTime:0.005]]
[2019.11.02-18.08.18:506][  0]LogConfig: Setting CVar [[s.UseBackgroundLevelStreaming:1]]
[2019.11.02-18.08.18:506][  0]LogConfig: Setting CVar [[s.PriorityAsyncLoadingExtraTime:15.0]]
[2019.11.02-18.08.18:506][  0]LogConfig: Setting CVar [[s.LevelStreamingActorsUpdateTimeLimit:5.0]]
[2019.11.02-18.08.18:506][  0]LogConfig: Setting CVar [[s.PriorityLevelStreamingActorsUpdateExtraTime:5.0]]
[2019.11.02-18.08.18:506][  0]LogConfig: Setting CVar [[s.LevelStreamingComponentsRegistrationGranularity:10]]
[2019.11.02-18.08.18:506][  0]LogConfig: Setting CVar [[s.UnregisterComponentsTimeLimit:1.0]]
[2019.11.02-18.08.18:506][  0]LogConfig: Setting CVar [[s.LevelStreamingComponentsUnregistrationGranularity:5]]
[2019.11.02-18.08.18:506][  0]LogConfig: Applying CVar settings from Section [/Script/Engine.GarbageCollectionSettings] File [C:/Users/Vatsav/Documents/Unreal Projects/AZALandscape/Saved/Config/Windows/Engine.ini]
[2019.11.02-18.08.18:506][  0]LogConfig: Setting CVar [[gc.MaxObjectsNotConsideredByGC:1]]
[2019.11.02-18.08.18:506][  0]LogConfig: Setting CVar [[gc.SizeOfPermanentObjectPool:0]]
[2019.11.02-18.08.18:506][  0]LogConfig: Setting CVar [[gc.FlushStreamingOnGC:0]]
[2019.11.02-18.08.18:506][  0]LogConfig: Setting CVar [[gc.NumRetriesBeforeForcingGC:10]]
[2019.11.02-18.08.18:506][  0]LogConfig: Setting CVar [[gc.AllowParallelGC:1]]
[2019.11.02-18.08.18:506][  0]LogConfig: Setting CVar [[gc.TimeBetweenPurgingPendingKillObjects:61.1]]
[2019.11.02-18.08.18:506][  0]LogConfig: Setting CVar [[gc.MaxObjectsInEditor:16777216]]
[2019.11.02-18.08.18:506][  0]LogConfig: Setting CVar [[gc.IncrementalBeginDestroyEnabled:1]]
[2019.11.02-18.08.18:506][  0]LogConfig: Setting CVar [[gc.CreateGCClusters:1]]
[2019.11.02-18.08.18:506][  0]LogConfig: Setting CVar [[gc.MinGCClusterSize:5]]
[2019.11.02-18.08.18:506][  0]LogConfig: Setting CVar [[gc.ActorClusteringEnabled:0]]
[2019.11.02-18.08.18:506][  0]LogConfig: Setting CVar [[gc.BlueprintClusteringEnabled:0]]
[2019.11.02-18.08.18:506][  0]LogConfig: Setting CVar [[gc.UseDisregardForGCOnDedicatedServers:0]]
[2019.11.02-18.08.18:506][  0]LogConfig: Applying CVar settings from Section [/Script/Engine.NetworkSettings] File [C:/Users/Vatsav/Documents/Unreal Projects/AZALandscape/Saved/Config/Windows/Engine.ini]
[2019.11.02-18.08.18:506][  0]LogConfig: Applying CVar settings from Section [/Script/UnrealEd.CookerSettings] File [C:/Users/Vatsav/Documents/Unreal Projects/AZALandscape/Saved/Config/Windows/Engine.ini]
[2019.11.02-18.08.18:509][  0]LogConfig: Applying CVar settings from Section [ViewDistanceQuality@3] File [C:/Users/Vatsav/Documents/Unreal Projects/AZALandscape/Saved/Config/Windows/Scalability.ini]
[2019.11.02-18.08.18:509][  0]LogConfig: Setting CVar [[r.SkeletalMeshLODBias:0]]
[2019.11.02-18.08.18:509][  0]LogConfig: Setting CVar [[r.ViewDistanceScale:1.0]]
[2019.11.02-18.08.18:509][  0]LogConfig: Applying CVar settings from Section [AntiAliasingQuality@3] File [C:/Users/Vatsav/Documents/Unreal Projects/AZALandscape/Saved/Config/Windows/Scalability.ini]
[2019.11.02-18.08.18:509][  0]LogConfig: Setting CVar [[r.PostProcessAAQuality:4]]
[2019.11.02-18.08.18:509][  0]LogConfig: Applying CVar settings from Section [ShadowQuality@3] File [C:/Users/Vatsav/Documents/Unreal Projects/AZALandscape/Saved/Config/Windows/Scalability.ini]
[2019.11.02-18.08.18:509][  0]LogConfig: Setting CVar [[r.LightFunctionQuality:1]]
[2019.11.02-18.08.18:509][  0]LogConfig: Setting CVar [[r.ShadowQuality:5]]
[2019.11.02-18.08.18:509][  0]LogConfig: Setting CVar [[r.Shadow.CSM.MaxCascades:10]]
[2019.11.02-18.08.18:509][  0]LogConfig: Setting CVar [[r.Shadow.MaxResolution:2048]]
[2019.11.02-18.08.18:509][  0]LogConfig: Setting CVar [[r.Shadow.MaxCSMResolution:2048]]
[2019.11.02-18.08.18:509][  0]LogConfig: Setting CVar [[r.Shadow.RadiusThreshold:0.01]]
[2019.11.02-18.08.18:509][  0]LogConfig: Setting CVar [[r.Shadow.DistanceScale:1.0]]
[2019.11.02-18.08.18:509][  0]LogConfig: Setting CVar [[r.Shadow.CSM.TransitionScale:1.0]]
[2019.11.02-18.08.18:509][  0]LogConfig: Setting CVar [[r.Shadow.PreShadowResolutionFactor:1.0]]
[2019.11.02-18.08.18:509][  0]LogConfig: Setting CVar [[r.DistanceFieldShadowing:1]]
[2019.11.02-18.08.18:509][  0]LogConfig: Setting CVar [[r.DistanceFieldAO:1]]
[2019.11.02-18.08.18:509][  0]LogConfig: Setting CVar [[r.AOQuality:2]]
[2019.11.02-18.08.18:509][  0]LogConfig: Setting CVar [[r.VolumetricFog:1]]
[2019.11.02-18.08.18:509][  0]LogConfig: Setting CVar [[r.VolumetricFog.GridPixelSize:8]]
[2019.11.02-18.08.18:509][  0]LogConfig: Setting CVar [[r.VolumetricFog.GridSizeZ:128]]
[2019.11.02-18.08.18:509][  0]LogConfig: Setting CVar [[r.VolumetricFog.HistoryMissSupersampleCount:4]]
[2019.11.02-18.08.18:509][  0]LogConfig: Setting CVar [[r.LightMaxDrawDistanceScale:1]]
[2019.11.02-18.08.18:509][  0]LogConfig: Setting CVar [[r.CapsuleShadows:1]]
[2019.11.02-18.08.18:509][  0]LogConfig: Applying CVar settings from Section [PostProcessQuality@3] File [C:/Users/Vatsav/Documents/Unreal Projects/AZALandscape/Saved/Config/Windows/Scalability.ini]
[2019.11.02-18.08.18:509][  0]LogConfig: Setting CVar [[r.MotionBlurQuality:4]]
[2019.11.02-18.08.18:509][  0]LogConfig: Setting CVar [[r.AmbientOcclusionMipLevelFactor:0.4]]
[2019.11.02-18.08.18:509][  0]LogConfig: Setting CVar [[r.AmbientOcclusionMaxQuality:100]]
[2019.11.02-18.08.18:509][  0]LogConfig: Setting CVar [[r.AmbientOcclusionLevels:-1]]
[2019.11.02-18.08.18:509][  0]LogConfig: Setting CVar [[r.AmbientOcclusionRadiusScale:1.0]]
[2019.11.02-18.08.18:510][  0]LogConfig: Setting CVar [[r.DepthOfFieldQuality:2]]
[2019.11.02-18.08.18:510][  0]LogConfig: Setting CVar [[r.RenderTargetPoolMin:400]]
[2019.11.02-18.08.18:510][  0]LogConfig: Setting CVar [[r.LensFlareQuality:2]]
[2019.11.02-18.08.18:510][  0]LogConfig: Setting CVar [[r.SceneColorFringeQuality:1]]
[2019.11.02-18.08.18:510][  0]LogConfig: Setting CVar [[r.EyeAdaptationQuality:2]]
[2019.11.02-18.08.18:510][  0]LogConfig: Setting CVar [[r.BloomQuality:5]]
[2019.11.02-18.08.18:510][  0]LogConfig: Setting CVar [[r.FastBlurThreshold:100]]
[2019.11.02-18.08.18:510][  0]LogConfig: Setting CVar [[r.Upscale.Quality:3]]
[2019.11.02-18.08.18:510][  0]LogConfig: Setting CVar [[r.Tonemapper.GrainQuantization:1]]
[2019.11.02-18.08.18:510][  0]LogConfig: Setting CVar [[r.LightShaftQuality:1]]
[2019.11.02-18.08.18:510][  0]LogConfig: Setting CVar [[r.Filter.SizeScale:1]]
[2019.11.02-18.08.18:510][  0]LogConfig: Setting CVar [[r.Tonemapper.Quality:5]]
[2019.11.02-18.08.18:510][  0]LogConfig: Setting CVar [[r.DOF.Gather.AccumulatorQuality:1        ; higher gathering accumulator quality]]
[2019.11.02-18.08.18:510][  0]LogConfig: Setting CVar [[r.DOF.Gather.PostfilterMethod:1          ; Median3x3 postfilering method]]
[2019.11.02-18.08.18:510][  0]LogConfig: Setting CVar [[r.DOF.Gather.EnableBokehSettings:0       ; no bokeh simulation when gathering]]
[2019.11.02-18.08.18:510][  0]LogConfig: Setting CVar [[r.DOF.Gather.RingCount:4                 ; medium number of samples when gathering]]
[2019.11.02-18.08.18:510][  0]LogConfig: Setting CVar [[r.DOF.Scatter.ForegroundCompositing:1    ; additive foreground scattering]]
[2019.11.02-18.08.18:510][  0]LogConfig: Setting CVar [[r.DOF.Scatter.BackgroundCompositing:2    ; additive background scattering]]
[2019.11.02-18.08.18:510][  0]LogConfig: Setting CVar [[r.DOF.Scatter.EnableBokehSettings:1      ; bokeh simulation when scattering]]
[2019.11.02-18.08.18:510][  0]LogConfig: Setting CVar [[r.DOF.Scatter.MaxSpriteRatio:0.1         ; only a maximum of 10% of scattered bokeh]]
[2019.11.02-18.08.18:510][  0]LogConfig: Setting CVar [[r.DOF.Recombine.Quality:1                ; cheap slight out of focus]]
[2019.11.02-18.08.18:510][  0]LogConfig: Setting CVar [[r.DOF.Recombine.EnableBokehSettings:0    ; no bokeh simulation on slight out of focus]]
[2019.11.02-18.08.18:510][  0]LogConfig: Setting CVar [[r.DOF.TemporalAAQuality:1                ; more stable temporal accumulation]]
[2019.11.02-18.08.18:510][  0]LogConfig: Setting CVar [[r.DOF.Kernel.MaxForegroundRadius:0.025]]
[2019.11.02-18.08.18:510][  0]LogConfig: Setting CVar [[r.DOF.Kernel.MaxBackgroundRadius:0.025]]
[2019.11.02-18.08.18:510][  0]LogConfig: Applying CVar settings from Section [TextureQuality@3] File [C:/Users/Vatsav/Documents/Unreal Projects/AZALandscape/Saved/Config/Windows/Scalability.ini]
[2019.11.02-18.08.18:510][  0]LogConfig: Setting CVar [[r.Streaming.MipBias:0]]
[2019.11.02-18.08.18:510][  0]LogConfig: Setting CVar [[r.Streaming.AmortizeCPUToGPUCopy:0]]
[2019.11.02-18.08.18:510][  0]LogConfig: Setting CVar [[r.Streaming.MaxNumTexturesToStreamPerFrame:0]]
[2019.11.02-18.08.18:510][  0]LogConfig: Setting CVar [[r.Streaming.Boost:1]]
[2019.11.02-18.08.18:510][  0]LogConfig: Setting CVar [[r.MaxAnisotropy:8]]
[2019.11.02-18.08.18:510][  0]LogConfig: Setting CVar [[r.Streaming.LimitPoolSizeToVRAM:0]]
[2019.11.02-18.08.18:510][  0]LogConfig: Setting CVar [[r.Streaming.PoolSize:1000]]
[2019.11.02-18.08.18:510][  0]LogConfig: Setting CVar [[r.Streaming.MaxEffectiveScreenSize:0]]
[2019.11.02-18.08.18:510][  0]LogConfig: Applying CVar settings from Section [EffectsQuality@3] File [C:/Users/Vatsav/Documents/Unreal Projects/AZALandscape/Saved/Config/Windows/Scalability.ini]
[2019.11.02-18.08.18:510][  0]LogConfig: Setting CVar [[r.TranslucencyLightingVolumeDim:64]]
[2019.11.02-18.08.18:510][  0]LogConfig: Setting CVar [[r.RefractionQuality:2]]
[2019.11.02-18.08.18:510][  0]LogConfig: Setting CVar [[r.SSR.Quality:3]]
[2019.11.02-18.08.18:510][  0]LogConfig: Setting CVar [[r.SceneColorFormat:4]]
[2019.11.02-18.08.18:510][  0]LogConfig: Setting CVar [[r.DetailMode:2]]
[2019.11.02-18.08.18:510][  0]LogConfig: Setting CVar [[r.TranslucencyVolumeBlur:1]]
[2019.11.02-18.08.18:510][  0]LogConfig: Setting CVar [[r.MaterialQualityLevel:1 ; High quality]]
[2019.11.02-18.08.18:510][  0]LogConfig: Setting CVar [[r.SSS.Scale:1]]
[2019.11.02-18.08.18:510][  0]LogConfig: Setting CVar [[r.SSS.SampleSet:2]]
[2019.11.02-18.08.18:510][  0]LogConfig: Setting CVar [[r.SSS.Quality:1]]
[2019.11.02-18.08.18:510][  0]LogConfig: Setting CVar [[r.SSS.HalfRes:1]]
[2019.11.02-18.08.18:510][  0]LogConfig: Setting CVar [[r.EmitterSpawnRateScale:1.0]]
[2019.11.02-18.08.18:510][  0]LogConfig: Setting CVar [[r.ParticleLightQuality:2]]
[2019.11.02-18.08.18:510][  0]LogConfig: Applying CVar settings from Section [FoliageQuality@3] File [C:/Users/Vatsav/Documents/Unreal Projects/AZALandscape/Saved/Config/Windows/Scalability.ini]
[2019.11.02-18.08.18:510][  0]LogConfig: Setting CVar [[foliage.DensityScale:1.0]]
[2019.11.02-18.08.18:510][  0]LogConfig: Setting CVar [[grass.DensityScale:1.0]]
[2019.11.02-18.08.18:510][  0]LogInit: Selected Device Profile: [Windows]
[2019.11.02-18.08.18:510][  0]LogInit: Applying CVar settings loaded from the selected device profile: [Windows]
[2019.11.02-18.08.18:514][  0]LogHAL: Display: Platform has ~ 12 GB [12683685888 / 17179869184 / 12], which maps to Larger [LargestMinGB=32, LargerMinGB=12, DefaultMinGB=8, SmallerMinGB=6, SmallestMinGB=0)
[2019.11.02-18.08.18:514][  0]LogInit: Going up to parent DeviceProfile []
[2019.11.02-18.08.18:514][  0]LogConfig: Applying CVar settings from Section [ViewDistanceQuality@3] File [C:/Users/Vatsav/Documents/Unreal Projects/AZALandscape/Saved/Config/Windows/Scalability.ini]
[2019.11.02-18.08.18:514][  0]LogConfig: Setting CVar [[r.SkeletalMeshLODBias:0]]
[2019.11.02-18.08.18:514][  0]LogConfig: Setting CVar [[r.ViewDistanceScale:1.0]]
[2019.11.02-18.08.18:514][  0]LogConfig: Applying CVar settings from Section [AntiAliasingQuality@3] File [C:/Users/Vatsav/Documents/Unreal Projects/AZALandscape/Saved/Config/Windows/Scalability.ini]
[2019.11.02-18.08.18:514][  0]LogConfig: Setting CVar [[r.PostProcessAAQuality:4]]
[2019.11.02-18.08.18:514][  0]LogConfig: Applying CVar settings from Section [ShadowQuality@3] File [C:/Users/Vatsav/Documents/Unreal Projects/AZALandscape/Saved/Config/Windows/Scalability.ini]
[2019.11.02-18.08.18:514][  0]LogConfig: Setting CVar [[r.LightFunctionQuality:1]]
[2019.11.02-18.08.18:514][  0]LogConfig: Setting CVar [[r.ShadowQuality:5]]
[2019.11.02-18.08.18:514][  0]LogConfig: Setting CVar [[r.Shadow.CSM.MaxCascades:10]]
[2019.11.02-18.08.18:514][  0]LogConfig: Setting CVar [[r.Shadow.MaxResolution:2048]]
[2019.11.02-18.08.18:514][  0]LogConfig: Setting CVar [[r.Shadow.MaxCSMResolution:2048]]
[2019.11.02-18.08.18:514][  0]LogConfig: Setting CVar [[r.Shadow.RadiusThreshold:0.01]]
[2019.11.02-18.08.18:514][  0]LogConfig: Setting CVar [[r.Shadow.DistanceScale:1.0]]
[2019.11.02-18.08.18:514][  0]LogConfig: Setting CVar [[r.Shadow.CSM.TransitionScale:1.0]]
[2019.11.02-18.08.18:514][  0]LogConfig: Setting CVar [[r.Shadow.PreShadowResolutionFactor:1.0]]
[2019.11.02-18.08.18:514][  0]LogConfig: Setting CVar [[r.DistanceFieldShadowing:1]]
[2019.11.02-18.08.18:514][  0]LogConfig: Setting CVar [[r.DistanceFieldAO:1]]
[2019.11.02-18.08.18:514][  0]LogConfig: Setting CVar [[r.AOQuality:2]]
[2019.11.02-18.08.18:514][  0]LogConfig: Setting CVar [[r.VolumetricFog:1]]
[2019.11.02-18.08.18:514][  0]LogConfig: Setting CVar [[r.VolumetricFog.GridPixelSize:8]]
[2019.11.02-18.08.18:514][  0]LogConfig: Setting CVar [[r.VolumetricFog.GridSizeZ:128]]
[2019.11.02-18.08.18:514][  0]LogConfig: Setting CVar [[r.VolumetricFog.HistoryMissSupersampleCount:4]]
[2019.11.02-18.08.18:514][  0]LogConfig: Setting CVar [[r.LightMaxDrawDistanceScale:1]]
[2019.11.02-18.08.18:514][  0]LogConfig: Setting CVar [[r.CapsuleShadows:1]]
[2019.11.02-18.08.18:514][  0]LogConfig: Applying CVar settings from Section [PostProcessQuality@3] File [C:/Users/Vatsav/Documents/Unreal Projects/AZALandscape/Saved/Config/Windows/Scalability.ini]
[2019.11.02-18.08.18:514][  0]LogConfig: Setting CVar [[r.MotionBlurQuality:4]]
[2019.11.02-18.08.18:514][  0]LogConfig: Setting CVar [[r.AmbientOcclusionMipLevelFactor:0.4]]
[2019.11.02-18.08.18:514][  0]LogConfig: Setting CVar [[r.AmbientOcclusionMaxQuality:100]]
[2019.11.02-18.08.18:514][  0]LogConfig: Setting CVar [[r.AmbientOcclusionLevels:-1]]
[2019.11.02-18.08.18:514][  0]LogConfig: Setting CVar [[r.AmbientOcclusionRadiusScale:1.0]]
[2019.11.02-18.08.18:514][  0]LogConfig: Setting CVar [[r.DepthOfFieldQuality:2]]
[2019.11.02-18.08.18:514][  0]LogConfig: Setting CVar [[r.RenderTargetPoolMin:400]]
[2019.11.02-18.08.18:514][  0]LogConfig: Setting CVar [[r.LensFlareQuality:2]]
[2019.11.02-18.08.18:514][  0]LogConfig: Setting CVar [[r.SceneColorFringeQuality:1]]
[2019.11.02-18.08.18:514][  0]LogConfig: Setting CVar [[r.EyeAdaptationQuality:2]]
[2019.11.02-18.08.18:515][  0]LogConfig: Setting CVar [[r.BloomQuality:5]]
[2019.11.02-18.08.18:515][  0]LogConfig: Setting CVar [[r.FastBlurThreshold:100]]
[2019.11.02-18.08.18:515][  0]LogConfig: Setting CVar [[r.Upscale.Quality:3]]
[2019.11.02-18.08.18:515][  0]LogConfig: Setting CVar [[r.Tonemapper.GrainQuantization:1]]
[2019.11.02-18.08.18:515][  0]LogConfig: Setting CVar [[r.LightShaftQuality:1]]
[2019.11.02-18.08.18:515][  0]LogConfig: Setting CVar [[r.Filter.SizeScale:1]]
[2019.11.02-18.08.18:515][  0]LogConfig: Setting CVar [[r.Tonemapper.Quality:5]]
[2019.11.02-18.08.18:515][  0]LogConfig: Setting CVar [[r.DOF.Gather.AccumulatorQuality:1        ; higher gathering accumulator quality]]
[2019.11.02-18.08.18:515][  0]LogConfig: Setting CVar [[r.DOF.Gather.PostfilterMethod:1          ; Median3x3 postfilering method]]
[2019.11.02-18.08.18:515][  0]LogConfig: Setting CVar [[r.DOF.Gather.EnableBokehSettings:0       ; no bokeh simulation when gathering]]
[2019.11.02-18.08.18:515][  0]LogConfig: Setting CVar [[r.DOF.Gather.RingCount:4                 ; medium number of samples when gathering]]
[2019.11.02-18.08.18:515][  0]LogConfig: Setting CVar [[r.DOF.Scatter.ForegroundCompositing:1    ; additive foreground scattering]]
[2019.11.02-18.08.18:515][  0]LogConfig: Setting CVar [[r.DOF.Scatter.BackgroundCompositing:2    ; additive background scattering]]
[2019.11.02-18.08.18:515][  0]LogConfig: Setting CVar [[r.DOF.Scatter.EnableBokehSettings:1      ; bokeh simulation when scattering]]
[2019.11.02-18.08.18:515][  0]LogConfig: Setting CVar [[r.DOF.Scatter.MaxSpriteRatio:0.1         ; only a maximum of 10% of scattered bokeh]]
[2019.11.02-18.08.18:515][  0]LogConfig: Setting CVar [[r.DOF.Recombine.Quality:1                ; cheap slight out of focus]]
[2019.11.02-18.08.18:515][  0]LogConfig: Setting CVar [[r.DOF.Recombine.EnableBokehSettings:0    ; no bokeh simulation on slight out of focus]]
[2019.11.02-18.08.18:515][  0]LogConfig: Setting CVar [[r.DOF.TemporalAAQuality:1                ; more stable temporal accumulation]]
[2019.11.02-18.08.18:515][  0]LogConfig: Setting CVar [[r.DOF.Kernel.MaxForegroundRadius:0.025]]
[2019.11.02-18.08.18:515][  0]LogConfig: Setting CVar [[r.DOF.Kernel.MaxBackgroundRadius:0.025]]
[2019.11.02-18.08.18:515][  0]LogConfig: Applying CVar settings from Section [TextureQuality@3] File [C:/Users/Vatsav/Documents/Unreal Projects/AZALandscape/Saved/Config/Windows/Scalability.ini]
[2019.11.02-18.08.18:515][  0]LogConfig: Setting CVar [[r.Streaming.MipBias:0]]
[2019.11.02-18.08.18:515][  0]LogConfig: Setting CVar [[r.Streaming.AmortizeCPUToGPUCopy:0]]
[2019.11.02-18.08.18:515][  0]LogConfig: Setting CVar [[r.Streaming.MaxNumTexturesToStreamPerFrame:0]]
[2019.11.02-18.08.18:515][  0]LogConfig: Setting CVar [[r.Streaming.Boost:1]]
[2019.11.02-18.08.18:515][  0]LogConfig: Setting CVar [[r.MaxAnisotropy:8]]
[2019.11.02-18.08.18:515][  0]LogConfig: Setting CVar [[r.Streaming.LimitPoolSizeToVRAM:0]]
[2019.11.02-18.08.18:515][  0]LogConfig: Setting CVar [[r.Streaming.PoolSize:1000]]
[2019.11.02-18.08.18:515][  0]LogConfig: Setting CVar [[r.Streaming.MaxEffectiveScreenSize:0]]
[2019.11.02-18.08.18:515][  0]LogConfig: Applying CVar settings from Section [EffectsQuality@3] File [C:/Users/Vatsav/Documents/Unreal Projects/AZALandscape/Saved/Config/Windows/Scalability.ini]
[2019.11.02-18.08.18:515][  0]LogConfig: Setting CVar [[r.TranslucencyLightingVolumeDim:64]]
[2019.11.02-18.08.18:515][  0]LogConfig: Setting CVar [[r.RefractionQuality:2]]
[2019.11.02-18.08.18:515][  0]LogConfig: Setting CVar [[r.SSR.Quality:3]]
[2019.11.02-18.08.18:515][  0]LogConfig: Setting CVar [[r.SceneColorFormat:4]]
[2019.11.02-18.08.18:515][  0]LogConfig: Setting CVar [[r.DetailMode:2]]
[2019.11.02-18.08.18:515][  0]LogConfig: Setting CVar [[r.TranslucencyVolumeBlur:1]]
[2019.11.02-18.08.18:515][  0]LogConfig: Setting CVar [[r.MaterialQualityLevel:1 ; High quality]]
[2019.11.02-18.08.18:515][  0]LogConfig: Setting CVar [[r.SSS.Scale:1]]
[2019.11.02-18.08.18:515][  0]LogConfig: Setting CVar [[r.SSS.SampleSet:2]]
[2019.11.02-18.08.18:515][  0]LogConfig: Setting CVar [[r.SSS.Quality:1]]
[2019.11.02-18.08.18:515][  0]LogConfig: Setting CVar [[r.SSS.HalfRes:1]]
[2019.11.02-18.08.18:515][  0]LogConfig: Setting CVar [[r.EmitterSpawnRateScale:1.0]]
[2019.11.02-18.08.18:515][  0]LogConfig: Setting CVar [[r.ParticleLightQuality:2]]
[2019.11.02-18.08.18:515][  0]LogConfig: Applying CVar settings from Section [FoliageQuality@3] File [C:/Users/Vatsav/Documents/Unreal Projects/AZALandscape/Saved/Config/Windows/Scalability.ini]
[2019.11.02-18.08.18:515][  0]LogConfig: Setting CVar [[foliage.DensityScale:1.0]]
[2019.11.02-18.08.18:515][  0]LogConfig: Setting CVar [[grass.DensityScale:1.0]]
[2019.11.02-18.08.18:515][  0]LogConfig: Applying CVar settings from Section [Startup] File [../../../Engine/Config/ConsoleVariables.ini]
[2019.11.02-18.08.18:515][  0]LogConfig: Setting CVar [[net.UseAdaptiveNetUpdateFrequency:0]]
[2019.11.02-18.08.18:515][  0]LogConfig: Setting CVar [[p.chaos.AllowCreatePhysxBodies:1]]
[2019.11.02-18.08.18:516][  0]LogConfig: Applying CVar settings from Section [ConsoleVariables] File [C:/Users/Vatsav/Documents/Unreal Projects/AZALandscape/Saved/Config/Windows/Engine.ini]
[2019.11.02-18.08.18:516][  0]LogInit: Computer: LAPTOP-JCSNK48A
[2019.11.02-18.08.18:516][  0]LogInit: User: Vatsav
[2019.11.02-18.08.18:516][  0]LogInit: CPU Page size=4096, Cores=4
[2019.11.02-18.08.18:516][  0]LogInit: High frequency timer resolution =10.000000 MHz
[2019.11.02-18.08.18:516][  0]LogMemory: Memory total: Physical=11.8GB (12GB approx)
[2019.11.02-18.08.18:516][  0]LogMemory: Platform Memory Stats for Windows
[2019.11.02-18.08.18:516][  0]LogMemory: Process Physical Memory: 100.70 MB used, 100.70 MB peak
[2019.11.02-18.08.18:516][  0]LogMemory: Process Virtual Memory: 113.06 MB used, 113.06 MB peak
[2019.11.02-18.08.18:516][  0]LogMemory: Physical Memory: 8010.09 MB used,  4086.02 MB free, 12096.11 MB total
[2019.11.02-18.08.18:516][  0]LogMemory: Virtual Memory: 4680.36 MB used,  134213048.00 MB free, 134217728.00 MB total
[2019.11.02-18.08.18:519][  0]LogWindows: WindowsPlatformFeatures enabled
[2019.11.02-18.08.18:555][  0]LogInit: Using OS detected language (en-US).
[2019.11.02-18.08.18:555][  0]LogInit: Using OS detected locale (en-US).
[2019.11.02-18.08.18:556][  0]LogTextLocalizationManager: No specific localization for 'en-US' exists, so the 'en' localization will be used.
[2019.11.02-18.08.18:735][  0]LogInit: Setting process to per monitor DPI aware
[2019.11.02-18.08.18:772][  0]LogSlate: New Slate User Created.  User Index 0, Is Virtual User: 0
[2019.11.02-18.08.18:772][  0]LogSlate: Slate User Registered.  User Index 0, Is Virtual User: 0
[2019.11.02-18.08.19:031][  0]LogHMD: Failed to initialize OpenVR with code 110
[2019.11.02-18.08.19:031][  0]LogD3D11RHI: D3D11 adapters:
[2019.11.02-18.08.19:112][  0]LogD3D11RHI:    0. 'NVIDIA GeForce GTX 1650' (Feature Level 11_0)
[2019.11.02-18.08.19:112][  0]LogD3D11RHI:       3962/0/6048 MB DedicatedVideo/DedicatedSystem/SharedSystem, Outputs:1, VendorId:0x10de
[2019.11.02-18.08.19:131][  0]LogD3D11RHI:    1. 'Intel(R) UHD Graphics 630' (Feature Level 11_0)
[2019.11.02-18.08.19:131][  0]LogD3D11RHI:       128/0/6048 MB DedicatedVideo/DedicatedSystem/SharedSystem, Outputs:0, VendorId:0x8086
[2019.11.02-18.08.19:133][  0]LogD3D11RHI:    2. 'Microsoft Basic Render Driver' (Feature Level 11_0)
[2019.11.02-18.08.19:133][  0]LogD3D11RHI:       0/0/6048 MB DedicatedVideo/DedicatedSystem/SharedSystem, Outputs:0, VendorId:0x1414
[2019.11.02-18.08.19:133][  0]LogD3D11RHI: Chosen D3D11 Adapter: 0
[2019.11.02-18.08.19:178][  0]LogD3D11RHI: Creating new Direct3DDevice
[2019.11.02-18.08.19:179][  0]LogD3D11RHI:     GPU DeviceId: 0x1f91 (for the marketing name, search the web for "GPU Device Id")
[2019.11.02-18.08.19:179][  0]LogWindows: EnumDisplayDevices:
[2019.11.02-18.08.19:179][  0]LogWindows:    0. 'Intel(R) UHD Graphics 630' (P:1 D:1)
[2019.11.02-18.08.19:179][  0]LogWindows:    1. 'Intel(R) UHD Graphics 630' (P:0 D:0)
[2019.11.02-18.08.19:179][  0]LogWindows:    2. 'Intel(R) UHD Graphics 630' (P:0 D:0)
[2019.11.02-18.08.19:180][  0]LogWindows:    3. 'NVIDIA GeForce GTX 1650' (P:0 D:0)
[2019.11.02-18.08.19:180][  0]LogWindows:    4. 'NVIDIA GeForce GTX 1650' (P:0 D:0)
[2019.11.02-18.08.19:181][  0]LogWindows:    5. 'NVIDIA GeForce GTX 1650' (P:0 D:0)
[2019.11.02-18.08.19:181][  0]LogWindows:    6. 'NVIDIA GeForce GTX 1650' (P:0 D:0)
[2019.11.02-18.08.19:181][  0]LogWindows: DebugString: PrimaryIsNotTheChoosenAdapter PrimaryIsNotTheChoosenAdapter PrimaryIsNotTheChoosenAdapter FoundDriverCount:4 
[2019.11.02-18.08.19:181][  0]LogD3D11RHI:     Adapter Name: NVIDIA GeForce GTX 1650
[2019.11.02-18.08.19:181][  0]LogD3D11RHI:   Driver Version: 431.94 (internal:26.21.14.3194, unified:431.94)
[2019.11.02-18.08.19:181][  0]LogD3D11RHI:      Driver Date: 9-19-2019
[2019.11.02-18.08.19:181][  0]LogRHI: Texture pool is 2773 MB (70% of 3962 MB)
[2019.11.02-18.08.19:234][  0]LogD3D11RHI: Async texture creation enabled
[2019.11.02-18.08.19:245][  0]LogD3D11RHI: GPU Timing Frequency: 1000.000000 (Debug: 2 1)
[2019.11.02-18.08.19:608][  0]LogTemp: Display: Module 'AllDesktopTargetPlatform' loaded TargetPlatform 'AllDesktop'
[2019.11.02-18.08.19:618][  0]LogTemp: Display: Module 'MacClientTargetPlatform' loaded TargetPlatform 'MacClient'
[2019.11.02-18.08.19:627][  0]LogTemp: Display: Module 'MacNoEditorTargetPlatform' loaded TargetPlatform 'MacNoEditor'
[2019.11.02-18.08.19:637][  0]LogTemp: Display: Module 'MacServerTargetPlatform' loaded TargetPlatform 'MacServer'
[2019.11.02-18.08.19:651][  0]LogTemp: Display: Module 'MacTargetPlatform' loaded TargetPlatform 'Mac'
[2019.11.02-18.08.19:663][  0]LogTemp: Display: Module 'WindowsClientTargetPlatform' loaded TargetPlatform 'WindowsClient'
[2019.11.02-18.08.19:675][  0]LogTemp: Display: Module 'WindowsNoEditorTargetPlatform' loaded TargetPlatform 'WindowsNoEditor'
[2019.11.02-18.08.19:686][  0]LogTemp: Display: Module 'WindowsServerTargetPlatform' loaded TargetPlatform 'WindowsServer'
[2019.11.02-18.08.19:691][  0]LogTemp: Display: Module 'WindowsTargetPlatform' loaded TargetPlatform 'Windows'
[2019.11.02-18.08.19:725][  0]LogTemp: Display: Module 'AndroidTargetPlatform' loaded TargetPlatform 'Android'
[2019.11.02-18.08.19:725][  0]LogTemp: Display: Module 'AndroidTargetPlatform' loaded TargetPlatform 'Android_ASTC'
[2019.11.02-18.08.19:725][  0]LogTemp: Display: Module 'AndroidTargetPlatform' loaded TargetPlatform 'Android_ATC'
[2019.11.02-18.08.19:725][  0]LogTemp: Display: Module 'AndroidTargetPlatform' loaded TargetPlatform 'Android_DXT'
[2019.11.02-18.08.19:725][  0]LogTemp: Display: Module 'AndroidTargetPlatform' loaded TargetPlatform 'Android_ETC1'
[2019.11.02-18.08.19:725][  0]LogTemp: Display: Module 'AndroidTargetPlatform' loaded TargetPlatform 'Android_ETC1a'
[2019.11.02-18.08.19:725][  0]LogTemp: Display: Module 'AndroidTargetPlatform' loaded TargetPlatform 'Android_ETC2'
[2019.11.02-18.08.19:725][  0]LogTemp: Display: Module 'AndroidTargetPlatform' loaded TargetPlatform 'Android_PVRTC'
[2019.11.02-18.08.19:725][  0]LogTemp: Display: Module 'AndroidTargetPlatform' loaded TargetPlatform 'AndroidClient'
[2019.11.02-18.08.19:725][  0]LogTemp: Display: Module 'AndroidTargetPlatform' loaded TargetPlatform 'Android_ASTCClient'
[2019.11.02-18.08.19:725][  0]LogTemp: Display: Module 'AndroidTargetPlatform' loaded TargetPlatform 'Android_ATCClient'
[2019.11.02-18.08.19:725][  0]LogTemp: Display: Module 'AndroidTargetPlatform' loaded TargetPlatform 'Android_DXTClient'
[2019.11.02-18.08.19:725][  0]LogTemp: Display: Module 'AndroidTargetPlatform' loaded TargetPlatform 'Android_ETC1Client'
[2019.11.02-18.08.19:725][  0]LogTemp: Display: Module 'AndroidTargetPlatform' loaded TargetPlatform 'Android_ETC1aClient'
[2019.11.02-18.08.19:725][  0]LogTemp: Display: Module 'AndroidTargetPlatform' loaded TargetPlatform 'Android_ETC2Client'
[2019.11.02-18.08.19:725][  0]LogTemp: Display: Module 'AndroidTargetPlatform' loaded TargetPlatform 'Android_PVRTCClient'
[2019.11.02-18.08.19:725][  0]LogTemp: Display: Module 'AndroidTargetPlatform' loaded TargetPlatform 'Android_Multi'
[2019.11.02-18.08.19:725][  0]LogTemp: Display: Module 'AndroidTargetPlatform' loaded TargetPlatform 'Android_MultiClient'
[2019.11.02-18.08.19:727][  0]LogTemp: Display: Module 'HTML5TargetPlatform' loaded TargetPlatform 'HTML5'
[2019.11.02-18.08.19:746][  0]LogTemp: Display: Module 'IOSTargetPlatform' loaded TargetPlatform 'IOSClient'
[2019.11.02-18.08.19:746][  0]LogTemp: Display: Module 'IOSTargetPlatform' loaded TargetPlatform 'IOS'
[2019.11.02-18.08.19:761][  0]LogTemp: Display: Module 'TVOSTargetPlatform' loaded TargetPlatform 'TVOSClient'
[2019.11.02-18.08.19:761][  0]LogTemp: Display: Module 'TVOSTargetPlatform' loaded TargetPlatform 'TVOS'
[2019.11.02-18.08.19:769][  0]LogTemp: Display: Module 'LinuxClientTargetPlatform' loaded TargetPlatform 'LinuxClient'
[2019.11.02-18.08.19:776][  0]LogTemp: Display: Module 'LinuxNoEditorTargetPlatform' loaded TargetPlatform 'LinuxNoEditor'
[2019.11.02-18.08.19:784][  0]LogTemp: Display: Module 'LinuxServerTargetPlatform' loaded TargetPlatform 'LinuxServer'
[2019.11.02-18.08.19:793][  0]LogTemp: Display: Module 'LinuxTargetPlatform' loaded TargetPlatform 'Linux'
[2019.11.02-18.08.19:825][  0]LogTemp: Display: Module 'LuminTargetPlatform' loaded TargetPlatform 'Lumin'
[2019.11.02-18.08.19:825][  0]LogTemp: Display: Module 'LuminTargetPlatform' loaded TargetPlatform 'LuminClient'
[2019.11.02-18.08.19:825][  0]LogTargetPlatformManager: Display: Building Assets For Windows
[2019.11.02-18.08.19:836][  0]LogAudioDebug: Display: Lib vorbis DLL was dynamically loaded.
[2019.11.02-18.08.19:897][  0]LogShaderCompilers: Guid format shader working directory is -23 characters bigger than the processId version (../../../../../../Users/Vatsav/Documents/Unreal Projects/AZALandscape/Intermediate/Shaders/WorkingDirectory/22780/).
[2019.11.02-18.08.19:898][  0]LogShaderCompilers: Cleaned the shader compiler working directory 'C:/Users/Vatsav/AppData/Local/Temp/UnrealShaderWorkingDir/C8C9CF4F4691AD9CD69FC8ABC241C142/'.
[2019.11.02-18.08.19:901][  0]LogXGEController: Cannot use XGE Controller as Incredibuild is not installed on this machine.
[2019.11.02-18.08.19:901][  0]LogShaderCompilers: Cannot use XGE Shader Compiler as Incredibuild is not installed on this machine.
[2019.11.02-18.08.19:901][  0]LogShaderCompilers: Display: Using Local Shader Compiler.
[2019.11.02-18.08.20:532][  0]LogDerivedDataCache: Display: Max Cache Size: 512 MB
[2019.11.02-18.08.20:581][  0]LogDerivedDataCache: Loaded boot cache 0.05s 73MB C:/Users/Vatsav/AppData/Local/UnrealEngine/4.23/DerivedDataCache/Boot.ddc.
[2019.11.02-18.08.20:582][  0]LogDerivedDataCache: Display: Loaded Boot cache: C:/Users/Vatsav/AppData/Local/UnrealEngine/4.23/DerivedDataCache/Boot.ddc
[2019.11.02-18.08.20:582][  0]LogDerivedDataCache: FDerivedDataBackendGraph:  Pak pak cache file ../../../../../../Users/Vatsav/Documents/Unreal Projects/AZALandscape/DerivedDataCache/DDC.ddp not found, will not use a pak cache.
[2019.11.02-18.08.20:582][  0]LogDerivedDataCache: Unable to find inner node Pak for hierarchical cache Hierarchy.
[2019.11.02-18.08.20:582][  0]LogDerivedDataCache: FDerivedDataBackendGraph:  CompressedPak pak cache file ../../../../../../Users/Vatsav/Documents/Unreal Projects/AZALandscape/DerivedDataCache/Compressed.ddp not found, will not use a pak cache.
[2019.11.02-18.08.20:582][  0]LogDerivedDataCache: Unable to find inner node CompressedPak for hierarchical cache Hierarchy.
[2019.11.02-18.08.20:594][  0]LogDerivedDataCache: Display: Pak cache opened for reading ../../../Engine/DerivedDataCache/Compressed.ddp.
[2019.11.02-18.08.20:594][  0]LogDerivedDataCache: FDerivedDataBackendGraph:  EnterprisePak pak cache file ../../../Enterprise/DerivedDataCache/Compressed.ddp not found, will not use a pak cache.
[2019.11.02-18.08.20:594][  0]LogDerivedDataCache: Unable to find inner node EnterprisePak for hierarchical cache Hierarchy.
[2019.11.02-18.08.20:596][  0]LogDerivedDataCache: Using Local data cache path C:/Users/Vatsav/AppData/Local/UnrealEngine/Common/DerivedDataCache: Writable
[2019.11.02-18.08.20:596][  0]LogDerivedDataCache: Shared data cache path not found in *engine.ini, will not use an Shared cache.
[2019.11.02-18.08.20:596][  0]LogDerivedDataCache: Unable to find inner node Shared for hierarchical cache Hierarchy.
[2019.11.02-18.08.20:618][  0]LogMaterial: Verifying Global Shaders for PCD3D_SM5
[2019.11.02-18.08.20:621][  0]LogSlate: Using FreeType 2.6.0
[2019.11.02-18.08.20:621][  0]LogSlate: SlateFontServices - WITH_FREETYPE: 1, WITH_HARFBUZZ: 1
[2019.11.02-18.08.20:683][  0]LogAssetRegistry: FAssetRegistry took 0.0026 seconds to start up
[2019.11.02-18.08.20:948][  0]LogInit: Selected Device Profile: [Windows]
[2019.11.02-18.08.21:104][  0]LogMeshReduction: Using QuadricMeshReduction for automatic static mesh reduction
[2019.11.02-18.08.21:104][  0]LogMeshReduction: Using SimplygonMeshReduction for automatic skeletal mesh reduction
[2019.11.02-18.08.21:104][  0]LogMeshReduction: Using ProxyLODMeshReduction for automatic mesh merging
[2019.11.02-18.08.21:104][  0]LogMeshReduction: No distributed automatic mesh merging module available
[2019.11.02-18.08.21:104][  0]LogMeshMerging: No distributed automatic mesh merging module available
[2019.11.02-18.08.21:119][  0]LogNetVersion: AZALandscape 1.0.0, NetCL: 8386587, EngineNetVer: 11, GameNetVer: 0 (Checksum: 3241122099)
[2019.11.02-18.08.21:591][  0]LogPackageLocalizationCache: Processed 12 localized package path(s) for 1 prioritized culture(s) in 0.048416 seconds
[2019.11.02-18.08.21:599][  0]LogUObjectArray: 43444 objects as part of root set at end of initial load.
[2019.11.02-18.08.21:599][  0]LogUObjectAllocator: 7548648 out of 0 bytes used by permanent object pool.
[2019.11.02-18.08.21:599][  0]LogUObjectArray: CloseDisregardForGC: 0/0 objects in disregard for GC pool
[2019.11.02-18.08.22:678][  0]LogTcpMessaging: Initializing TcpMessaging bridge
[2019.11.02-18.08.22:682][  0]LogUdpMessaging: Initializing bridge on interface 0.0.0.0:0 to multicast group 230.0.0.1:6666.
[2019.11.02-18.08.22:746][  0]SourceControl: Source control is disabled
[2019.11.02-18.08.22:746][  0]SourceControl: Source control is disabled
[2019.11.02-18.08.22:747][  0]SourceControl: Source control is disabled
[2019.11.02-18.08.22:749][  0]SourceControl: Source control is disabled
[2019.11.02-18.08.22:758][  0]LogVSAccessor: Display: Unable to create Visual Studio setup instance: 80040154
[2019.11.02-18.08.22:758][  0]LogVSAccessor: Display: Unable to create Visual Studio setup instance: 80040154
[2019.11.02-18.08.22:853][  0]LogAndroidPermission: UAndroidPermissionCallbackProxy::GetInstance
[2019.11.02-18.08.22:994][  0]LogOcInput: OculusInput pre-init called
[2019.11.02-18.08.23:004][  0]LogWindows: Failed to load 'OVRPlugin.dll' (GetLastError=126)
[2019.11.02-18.08.23:004][  0]LogWindows: File 'OVRPlugin.dll' does not exist
[2019.11.02-18.08.23:086][  0]LogEngine: Initializing Engine...
[2019.11.02-18.08.23:087][  0]LogHMD: Failed to initialize OpenVR with code 110
[2019.11.02-18.08.23:088][  0]LogStats: UGameplayTagsManager::InitializeManager -  0.000 s
[2019.11.02-18.08.23:360][  0]LogInit: Initializing FReadOnlyCVARCache
[2019.11.02-18.08.23:384][  0]LogAIModule: Creating AISystem for world Untitled
[2019.11.02-18.08.23:490][  0]LogInit: XAudio2 using 'Speaker / Headphone (3- Realtek(R) Audio)' : 2 channels at 48 kHz using 32 bits per sample (channel mask 0x3)
[2019.11.02-18.08.23:661][  0]LogInit: FAudioDevice initialized.
[2019.11.02-18.08.23:662][  0]LogNetVersion: Set ProjectVersion to 1.0.0.0. Version Checksum will be recalculated on next use.
[2019.11.02-18.08.23:807][  0]LogDerivedDataCache: Saved boot cache 0.14s 73MB C:/Users/Vatsav/AppData/Local/UnrealEngine/4.23/DerivedDataCache/Boot.ddc.
[2019.11.02-18.08.23:807][  0]LogInit: Texture streaming: Enabled
[2019.11.02-18.08.23:839][  0]LogEngineSessionManager: EngineSessionManager initialized
[2019.11.02-18.08.23:904][  0]LogInit: Transaction tracking system initialized
[2019.11.02-18.08.23:955][  0]BlueprintLog: New page: Editor Load
[2019.11.02-18.08.24:084][  0]LocalizationService: Localization service is disabled
[2019.11.02-18.08.24:191][  0]LogVSAccessor: Display: Unable to create Visual Studio setup instance: 80040154
[2019.11.02-18.08.24:191][  0]LogVSAccessor: Display: Unable to create Visual Studio setup instance: 80040154
[2019.11.02-18.08.24:446][  0]LogFileCache: Scanning file cache for directory 'C:/Users/Vatsav/Documents/Unreal Projects/AZALandscape/Content/' took 0.01s
[2019.11.02-18.08.24:446][  0]LogCook: Display: Max memory allowance for cook 16384mb min free memory 0mb
[2019.11.02-18.08.24:446][  0]LogCook: Display: Mobile HDR setting 1
[2019.11.02-18.08.24:727][  0]SourceControl: Source control is disabled
[2019.11.02-18.08.24:727][  0]Cmd: MAP LOAD FILE="../../../../../../Users/Vatsav/Documents/Unreal Projects/AZALandscape/Content/StarterContent/Maps/Minimal_Default.umap" TEMPLATE=0 SHOWPROGRESS=1 FEATURELEVEL=3
[2019.11.02-18.08.24:728][  0]LightingResults: New page: Lighting Build
[2019.11.02-18.08.24:731][  0]LogWorld: UWorld::CleanupWorld for Untitled, bSessionEnded=true, bCleanupResources=true
[2019.11.02-18.08.24:732][  0]MapCheck: New page: Map Check
[2019.11.02-18.08.24:732][  0]LightingResults: New page: Lighting Build
[2019.11.02-18.08.24:760][  0]LogUObjectHash: Compacting FUObjectHashTables data took   1.85ms
[2019.11.02-18.08.26:598][  0]LogStaticMesh: Building static mesh Floor_400x400...
[2019.11.02-18.08.26:654][  0]LogStaticMesh: Built static mesh [0.06s] /Game/StarterContent/Architecture/Floor_400x400.Floor_400x400
[2019.11.02-18.08.26:761][  0]LogAIModule: Creating AISystem for world Minimal_Default
[2019.11.02-18.08.26:799][  0]LogEditorServer: Finished looking for orphan Actors (0.000 secs)
[2019.11.02-18.08.26:826][  0]LogUObjectHash: Compacting FUObjectHashTables data took   1.95ms
[2019.11.02-18.08.26:826][  0]Cmd: MAP CHECKDEP NOCLEARLOG
[2019.11.02-18.08.26:826][  0]MapCheck: Map check complete: 0 Error(s), 0 Warning(s), took 0.199ms to complete.
[2019.11.02-18.08.26:826][  0]LogFileHelpers: Loading map 'Minimal_Default' took 2.098
[2019.11.02-18.08.27:252][  0]LogSlate: Updating window title bar state: overlay mode, drag disabled, window buttons hidden, title bar hidden
[2019.11.02-18.08.27:272][  0]LogSlate: Updating window title bar state: overlay mode, drag disabled, window buttons hidden, title bar hidden
[2019.11.02-18.08.27:281][  0]LogSlate: Updating window title bar state: overlay mode, drag disabled, window buttons hidden, title bar hidden
[2019.11.02-18.08.27:290][  0]LogSlate: Updating window title bar state: overlay mode, drag disabled, window buttons hidden, title bar hidden
[2019.11.02-18.08.27:357][  0]LogCollectionManager: Loaded 0 collections in 0.003792 seconds
[2019.11.02-18.08.27:528][  0]LogFileCache: Scanning file cache for directory 'C:/Users/Vatsav/Documents/Unreal Projects/AZALandscape/Saved/Collections/' took 0.00s
[2019.11.02-18.08.27:528][  0]LogFileCache: Scanning file cache for directory 'C:/Users/Vatsav/Documents/Unreal Projects/AZALandscape/Content/Developers/Vatsav/Collections/' took 0.00s
[2019.11.02-18.08.27:528][  0]LogFileCache: Scanning file cache for directory 'C:/Users/Vatsav/Documents/Unreal Projects/AZALandscape/Content/Collections/' took 0.00s
[2019.11.02-18.08.27:528][  0]LogCollectionManager: Rebuilt the GUID cache for 0 collections in 0.000006 seconds
[2019.11.02-18.08.27:571][  0]LogContentBrowser: Native class hierarchy populated in 0.0346 seconds. Added 2863 classes and 680 folders.
[2019.11.02-18.08.27:666][  0]LogContentBrowser: Native class hierarchy updated for 'WidgetCarousel' in 0.0007 seconds. Added 0 classes and 0 folders.
[2019.11.02-18.08.28:605][  0]LogContentBrowser: Native class hierarchy updated for 'AddContentDialog' in 0.0003 seconds. Added 0 classes and 0 folders.
[2019.11.02-18.08.28:837][  0]LogContentBrowser: Native class hierarchy updated for 'SceneOutliner' in 0.0003 seconds. Added 1 classes and 2 folders.
[2019.11.02-18.08.28:906][  0]LogSlate: Took 0.000204 seconds to synchronously load lazily loaded font '../../../Engine/Content/Slate/Fonts/Roboto-Regular.ttf' (155K)
[2019.11.02-18.08.28:910][  0]LogSlate: Took 0.000186 seconds to synchronously load lazily loaded font '../../../Engine/Content/Slate/Fonts/Roboto-Bold.ttf' (160K)
[2019.11.02-18.08.28:920][  0]LogSlate: Took 0.000497 seconds to synchronously load lazily loaded font '../../../Engine/Content/Editor/Slate/Fonts/FontAwesome.ttf' (139K)
[2019.11.02-18.08.29:126][  0]LogRenderer: Reallocating scene render targets to support 904x488 Format 10 NumSamples 1 (Frame:1).
[2019.11.02-18.08.29:527][  0]LogContentBrowser: Native class hierarchy updated for 'HierarchicalLODOutliner' in 0.0002 seconds. Added 0 classes and 0 folders.
[2019.11.02-18.08.29:527][  0]LogLoad: (Engine Initialization) Total time: 13.00 seconds
[2019.11.02-18.08.29:527][  0]LogLoad: (Engine Initialization) Total Blueprint compile time: 0.00 seconds
[2019.11.02-18.08.30:021][  0]LogContentStreaming: Texture pool size now 1000 MB
[2019.11.02-18.08.30:052][  0]LogSlate: Took 0.000969 seconds to synchronously load lazily loaded font '../../../Engine/Content/Slate/Fonts/Roboto-Light.ttf' (167K)
[2019.11.02-18.08.30:194][  2]LogAssetRegistry: Asset discovery search completed in 9.5121 seconds
[2019.11.02-18.08.30:200][  2]LogCollectionManager: Rebuilt the object cache for 0 collections in 0.000006 seconds (found 0 objects)
[2019.11.02-18.08.30:200][  2]LogCollectionManager: Fixed up redirectors for 0 collections in 0.000099 seconds (updated 0 objects)
[2019.11.02-18.08.44:385][815]LogSlate: FSceneViewport::OnFocusLost() reason 5
[2019.11.02-18.08.45:963][902]LogSlate: FSceneViewport::OnFocusLost() reason 5
[2019.11.02-18.08.49:191][ 90]LogUObjectHash: Compacting FUObjectHashTables data took   0.75ms
[2019.11.02-18.08.49:192][ 90]Cmd: MAP LOAD FILE="../../../../../../Users/Vatsav/Documents/Unreal Projects/AZALandscape/Content/AZALandscape.umap" TEMPLATE=0 SHOWPROGRESS=1 FEATURELEVEL=3
[2019.11.02-18.08.49:196][ 90]LogSlate: Took 0.000166 seconds to synchronously load lazily loaded font '../../../Engine/Content/Slate/Fonts/Roboto-Light.ttf' (167K)
[2019.11.02-18.08.49:224][ 90]LightingResults: New page: Lighting Build
[2019.11.02-18.08.49:224][ 90]LoadErrors: New page: Loading map: AZALandscape.umap
[2019.11.02-18.08.49:225][ 90]LogWorld: UWorld::CleanupWorld for Minimal_Default, bSessionEnded=true, bCleanupResources=true
[2019.11.02-18.08.49:226][ 90]MapCheck: New page: Map Check
[2019.11.02-18.08.49:226][ 90]LightingResults: New page: Lighting Build
[2019.11.02-18.08.49:253][ 90]LogUObjectHash: Compacting FUObjectHashTables data took   1.69ms
[2019.11.02-18.08.49:328][ 90]LogLinker: Warning: While loading '../../../../../../Users/Vatsav/Documents/Unreal Projects/AZALandscape/Content/AZALandscape.umap' failed to load '/Game/AZALandscape_BuiltData': Can't find file.
[2019.11.02-18.08.49:328][ 90]LogLinker: Warning: While loading '../../../../../../Users/Vatsav/Documents/Unreal Projects/AZALandscape/Content/AZALandscape.umap' failed to load '/Game/AZALandscape_BuiltData': Can't find file.
[2019.11.02-18.08.49:331][ 90]LogLinker: Warning: While loading '../../../../../../Users/Vatsav/Documents/Unreal Projects/AZALandscape/Content/AZALandscape.umap' failed to load '/Game/AZALandscape_BuiltData': Can't find file.
[2019.11.02-18.08.49:332][ 90]LogLinker: Warning: While loading '../../../../../../Users/Vatsav/Documents/Unreal Projects/AZALandscape/Content/AZALandscape.umap' failed to load '/Game/AZALandscape_BuiltData': Can't find file.
[2019.11.02-18.08.49:333][ 90]LogLinker: Warning: Failed to load '/Game/AZALandscape_BuiltData': Can't find file.
[2019.11.02-18.08.49:334][ 90]LogLinker: Warning: Failed to load '/Game/AZALandscape_BuiltData': Can't find file.
[2019.11.02-18.08.49:334][ 90]LogLinker: Warning: Failed to load '/Game/AZALandscape_BuiltData': Can't find file.
[2019.11.02-18.08.49:334][ 90]LogLinker: Warning: Failed to load '/Game/AZALandscape_BuiltData': Can't find file.
[2019.11.02-18.08.49:529][ 90]LogLinker: Warning: While loading '../../../../../../Users/Vatsav/Documents/Unreal Projects/AZALandscape/Content/AZALandscape.umap' failed to load '/Game/AZALandscape_BuiltData': Can't find file.
[2019.11.02-18.08.49:529][ 90]LoadErrors: Failed to load /Game/AZALandscape_BuiltData.AZALandscape_BuiltData Referenced by PersistentLevel
[2019.11.02-18.08.49:529][ 90]LogLinker: Warning: While loading '../../../../../../Users/Vatsav/Documents/Unreal Projects/AZALandscape/Content/AZALandscape.umap' failed to load '/Game/AZALandscape_BuiltData': Can't find file.
[2019.11.02-18.08.49:623][ 90]LogAIModule: Creating AISystem for world AZALandscape
[2019.11.02-18.08.51:098][ 90]LogEditorServer: Finished looking for orphan Actors (0.000 secs)
[2019.11.02-18.08.51:182][ 90]LogUObjectHash: Compacting FUObjectHashTables data took   1.63ms
[2019.11.02-18.08.51:202][ 90]Cmd: MAP CHECKDEP NOCLEARLOG
[2019.11.02-18.08.51:202][ 90]MapCheck: Map check complete: 0 Error(s), 0 Warning(s), took 0.139ms to complete.
[2019.11.02-18.08.51:202][ 90]LogFileHelpers: Loading map 'AZALandscape' took 2.010
[2019.11.02-18.08.51:202][ 90]LogSlate: Window 'Open Level' being destroyed
[2019.11.02-18.09.00:897][664]LogSlate: Window 'Message Log' being destroyed
[2019.11.02-18.09.00:902][664]LogSlate: Window 'Message Log' being destroyed
[2019.11.02-18.09.55:053][896]LogEditorViewport: Clicking on Actor (context menu): Landscape (Landscape)
[2019.11.02-18.09.55:345][896]LogSlate: FSceneViewport::OnFocusLost() reason 5
[2019.11.02-18.10.12:793][934]LogEditorViewport: Clicking on Actor (LMB): Landscape (Landscape)
[2019.11.02-18.10.17:141][184]LogSlate: FSceneViewport::OnFocusLost() reason 2
[2019.11.02-18.10.19:492][256]LogMaterial: Display: Missing cached shader map for material LandscapeMaterial, compiling. 
[2019.11.02-18.10.19:606][256]LogShaderCompilers: Display: Worker (1/5): shaders left to compile 42
[2019.11.02-18.10.19:606][256]LogShaderCompilers: Display: Worker (2/5): shaders left to compile 32
[2019.11.02-18.10.19:606][256]LogShaderCompilers: Display: Worker (3/5): shaders left to compile 22
[2019.11.02-18.10.19:606][256]LogShaderCompilers: Display: Worker (4/5): shaders left to compile 12
[2019.11.02-18.10.23:612][490]LogShaderCompilers: Display: Worker (3/5): shaders left to compile 2
[2019.11.02-18.10.23:997][513]LogShaderCompilers: Display: Worker (1/5): shaders left to compile 1
[2019.11.02-18.10.24:786][557]LogSlate: FSceneViewport::OnFocusLost() reason 0
[2019.11.02-18.10.31:142][879]LogMaterial: Display: Missing cached shader map for material LandscapeMaterial, compiling. 
[2019.11.02-18.10.31:159][879]LogMaterial: Display: Missing cached shader map for material LandscapeMaterial, compiling. 
[2019.11.02-18.10.31:167][879]LogShaderCompilers: Display: Worker (1/5): shaders left to compile 8
[2019.11.02-18.10.31:168][879]LogShaderCompilers: Display: Worker (2/5): shaders left to compile 5
[2019.11.02-18.10.31:168][879]LogShaderCompilers: Display: Worker (3/5): shaders left to compile 2
[2019.11.02-18.10.31:177][879]LogShaderCompilers: Display: Worker (4/5): shaders left to compile 8
[2019.11.02-18.10.31:177][879]LogTexture: Display: Building textures: Texture2D_2 (G8, 128X128)
[2019.11.02-18.10.32:154][920]LogShaderCompilers: Display: Worker (3/5): shaders left to compile 5
[2019.11.02-18.10.32:593][946]LogShaderCompilers: Display: Worker (1/5): shaders left to compile 3
[2019.11.02-18.10.32:610][947]LogShaderCompilers: Display: Worker (4/5): shaders left to compile 2
[2019.11.02-18.10.32:764][956]LogEditorViewport: Clicking on Actor (LMB): Landscape (Landscape)
[2019.11.02-18.10.32:911][964]LogShaderCompilers: Display: Worker (2/5): shaders left to compile 1
[2019.11.02-18.10.57:771][447]LogSlate: FSceneViewport::OnFocusLost() reason 2
[2019.11.02-18.11.00:598][604]LogEditorViewport: Clicking on Actor (LMB): Landscape (Landscape)
[2019.11.02-18.11.36:688][768]LogEditorViewport: Clicking on Actor (LMB): Landscape (Landscape)
[2019.11.02-18.13.19:653][940]LogSlate: FSceneViewport::OnFocusLost() reason 0
[2019.11.02-18.13.50:842][768]LogSlate: FSceneViewport::OnFocusLost() reason 0
[2019.11.02-18.15.18:206][996]LogMaterial: Display: Missing cached shader map for material M_Basic_Floor, compiling. 
[2019.11.02-18.15.18:282][996]LogShaderCompilers: Display: Worker (1/5): shaders left to compile 60
[2019.11.02-18.15.18:283][996]LogShaderCompilers: Display: Worker (2/5): shaders left to compile 50
[2019.11.02-18.15.18:283][996]LogShaderCompilers: Display: Worker (3/5): shaders left to compile 40
[2019.11.02-18.15.18:283][996]LogShaderCompilers: Display: Worker (4/5): shaders left to compile 30
[2019.11.02-18.15.21:729][193]LogShaderCompilers: Display: Worker (4/5): shaders left to compile 20
[2019.11.02-18.15.21:816][198]LogShaderCompilers: Display: Worker (1/5): shaders left to compile 14
[2019.11.02-18.15.23:308][287]LogShaderCompilers: Display: Worker (3/5): shaders left to compile 10
[2019.11.02-18.15.23:483][297]LogShaderCompilers: Display: Worker (2/5): shaders left to compile 7
[2019.11.02-18.15.23:863][320]LogShaderCompilers: Display: Worker (1/5): shaders left to compile 5
[2019.11.02-18.15.24:412][352]LogShaderCompilers: Display: Worker (2/5): shaders left to compile 3
[2019.11.02-18.15.24:543][359]LogShaderCompilers: Display: Worker (4/5): shaders left to compile 2
[2019.11.02-18.15.24:758][372]LogShaderCompilers: Display: Worker (3/5): shaders left to compile 1
[2019.11.02-18.15.49:752][855]LogSlate: FSceneViewport::OnFocusLost() reason 2
[2019.11.02-18.18.49:320][614]LogSlate: FSceneViewport::OnFocusLost() reason 5
[2019.11.02-18.18.49:375][614]LogUObjectHash: Compacting FUObjectHashTables data took   1.85ms
[2019.11.02-18.18.50:090][614]LogSavePackage: Moving '../../../../../../Users/Vatsav/Documents/Unreal Projects/AZALandscape/Saved/AZALandscape_Auto146F09E62470A80D0CB3AE5A2202F1418.tmp' to '../../../../../../Users/Vatsav/Documents/Unreal Projects/AZALandscape/Saved/Autosaves/Game/AZALandscape_Auto1.umap'
[2019.11.02-18.18.50:100][614]LogFileHelpers: Editor autosave (incl. sublevels) for '/Game/AZALandscape' took 0.751
[2019.11.02-18.18.50:100][614]LogFileHelpers: Editor autosave (incl. sublevels) for all levels took 0.751
[2019.11.02-18.18.55:137][916]LogEditorViewport: Clicking on Actor (context menu): Landscape (Landscape)
[2019.11.02-18.18.55:159][916]LogSlate: FSceneViewport::OnFocusLost() reason 5
[2019.11.02-18.18.56:052][970]LogEditorViewport: Clicking on Actor (LMB): Landscape (Landscape)
[2019.11.02-18.22.17:035][ 23]LogSlate: FSceneViewport::OnFocusLost() reason 0
[2019.11.02-18.22.29:532][599]LogSlate: Window 'Create New Landscape Layer Info Object' being destroyed
[2019.11.02-18.22.29:549][599]LogTexture: Display: Building textures: Texture2D_4 (BGRA8, 64X64)
[2019.11.02-18.22.29:553][599]LogMaterial: Display: Missing cached shader map for material LandscapeMaterial, compiling. 
[2019.11.02-18.22.29:597][599]LogShaderCompilers: Display: Worker (1/5): shaders left to compile 42
[2019.11.02-18.22.29:597][599]LogShaderCompilers: Display: Worker (2/5): shaders left to compile 32
[2019.11.02-18.22.29:597][599]LogShaderCompilers: Display: Worker (3/5): shaders left to compile 22
[2019.11.02-18.22.29:597][599]LogShaderCompilers: Display: Worker (4/5): shaders left to compile 12
[2019.11.02-18.22.29:630][599]LogTexture: Display: Building textures: Texture2D_5 (BGRA8, 64X64)
[2019.11.02-18.22.29:678][599]LogTexture: Display: Building textures: Texture2D_6 (BGRA8, 64X64)
[2019.11.02-18.22.29:731][599]LogTexture: Display: Building textures: Texture2D_7 (BGRA8, 64X64)
[2019.11.02-18.22.29:774][599]LogTexture: Display: Building textures: Texture2D_8 (BGRA8, 64X64)
[2019.11.02-18.22.29:811][599]LogTexture: Display: Building textures: Texture2D_9 (BGRA8, 64X64)
[2019.11.02-18.22.29:858][599]LogTexture: Display: Building textures: Texture2D_10 (BGRA8, 64X64)
[2019.11.02-18.22.29:912][599]LogTexture: Display: Building textures: Texture2D_11 (BGRA8, 64X64)
[2019.11.02-18.22.29:955][599]LogTexture: Display: Building textures: Texture2D_12 (BGRA8, 64X64)
[2019.11.02-18.22.29:997][599]LogTexture: Display: Building textures: Texture2D_13 (BGRA8, 64X64)
[2019.11.02-18.22.30:052][599]LogTexture: Display: Building textures: Texture2D_14 (BGRA8, 64X64)
[2019.11.02-18.22.30:091][599]LogTexture: Display: Building textures: Texture2D_15 (BGRA8, 64X64)
[2019.11.02-18.22.30:127][599]LogTexture: Display: Building textures: Texture2D_16 (BGRA8, 64X64)
[2019.11.02-18.22.30:168][599]LogTexture: Display: Building textures: Texture2D_17 (BGRA8, 64X64)
[2019.11.02-18.22.30:215][599]LogTexture: Display: Building textures: Texture2D_18 (BGRA8, 64X64)
[2019.11.02-18.22.30:261][599]LogTexture: Display: Building textures: Texture2D_19 (BGRA8, 64X64)
[2019.11.02-18.22.30:309][599]LogTexture: Display: Building textures: Texture2D_20 (BGRA8, 64X64)
[2019.11.02-18.22.30:350][599]LogTexture: Display: Building textures: Texture2D_21 (BGRA8, 64X64)
[2019.11.02-18.22.30:390][599]LogTexture: Display: Building textures: Texture2D_22 (BGRA8, 64X64)
[2019.11.02-18.22.30:443][599]LogTexture: Display: Building textures: Texture2D_23 (BGRA8, 64X64)
[2019.11.02-18.22.30:487][599]LogTexture: Display: Building textures: Texture2D_24 (BGRA8, 64X64)
[2019.11.02-18.22.30:526][599]LogTexture: Display: Building textures: Texture2D_25 (BGRA8, 64X64)
[2019.11.02-18.22.30:577][599]LogTexture: Display: Building textures: Texture2D_26 (BGRA8, 64X64)
[2019.11.02-18.22.30:696][599]LogTexture: Display: Building textures: Texture2D_27 (BGRA8, 64X64)
[2019.11.02-18.22.30:744][599]LogTexture: Display: Building textures: Texture2D_28 (BGRA8, 64X64)
[2019.11.02-18.22.30:794][599]LogTexture: Display: Building textures: Texture2D_29 (BGRA8, 64X64)
[2019.11.02-18.22.30:836][599]LogTexture: Display: Building textures: Texture2D_30 (BGRA8, 64X64)
[2019.11.02-18.22.30:881][599]LogTexture: Display: Building textures: Texture2D_31 (BGRA8, 64X64)
[2019.11.02-18.22.30:932][599]LogTexture: Display: Building textures: Texture2D_32 (BGRA8, 64X64)
[2019.11.02-18.22.30:972][599]LogTexture: Display: Building textures: Texture2D_33 (BGRA8, 64X64)
[2019.11.02-18.22.31:009][599]LogTexture: Display: Building textures: Texture2D_34 (BGRA8, 64X64)
[2019.11.02-18.22.31:048][599]LogTexture: Display: Building textures: Texture2D_35 (BGRA8, 64X64)
[2019.11.02-18.22.31:104][599]LogTexture: Display: Building textures: Texture2D_36 (BGRA8, 64X64)
[2019.11.02-18.22.31:147][599]LogTexture: Display: Building textures: Texture2D_37 (BGRA8, 64X64)
[2019.11.02-18.22.31:187][599]LogTexture: Display: Building textures: Texture2D_38 (BGRA8, 64X64)
[2019.11.02-18.22.31:233][599]LogTexture: Display: Building textures: Texture2D_39 (BGRA8, 64X64)
[2019.11.02-18.22.31:274][599]LogTexture: Display: Building textures: Texture2D_40 (BGRA8, 64X64)
[2019.11.02-18.22.31:326][599]LogTexture: Display: Building textures: Texture2D_41 (BGRA8, 64X64)
[2019.11.02-18.22.31:376][599]LogTexture: Display: Building textures: Texture2D_42 (BGRA8, 64X64)
[2019.11.02-18.22.31:418][599]LogTexture: Display: Building textures: Texture2D_43 (BGRA8, 64X64)
[2019.11.02-18.22.31:458][599]LogTexture: Display: Building textures: Texture2D_44 (BGRA8, 64X64)
[2019.11.02-18.22.31:508][599]LogTexture: Display: Building textures: Texture2D_45 (BGRA8, 64X64)
[2019.11.02-18.22.31:552][599]LogTexture: Display: Building textures: Texture2D_46 (BGRA8, 64X64)
[2019.11.02-18.22.31:594][599]LogTexture: Display: Building textures: Texture2D_47 (BGRA8, 64X64)
[2019.11.02-18.22.31:637][599]LogTexture: Display: Building textures: Texture2D_48 (BGRA8, 64X64)
[2019.11.02-18.22.31:684][599]LogTexture: Display: Building textures: Texture2D_49 (BGRA8, 64X64)
[2019.11.02-18.22.31:726][599]LogTexture: Display: Building textures: Texture2D_50 (BGRA8, 64X64)
[2019.11.02-18.22.31:771][599]LogTexture: Display: Building textures: Texture2D_51 (BGRA8, 64X64)
[2019.11.02-18.22.31:826][599]LogTexture: Display: Building textures: Texture2D_52 (BGRA8, 64X64)
[2019.11.02-18.22.32:123][604]LogShaderCompilers: Display: Worker (3/5): shaders left to compile 2
[2019.11.02-18.22.32:413][612]LogShaderCompilers: Display: Worker (1/5): shaders left to compile 1
[2019.11.02-18.22.34:625][740]LogSlate: FSceneViewport::OnFocusLost() reason 5
[2019.11.02-18.22.37:131][740]LogSlate: Window 'Message' being destroyed
[2019.11.02-18.22.42:136][919]LogSlate: Window 'Create New Landscape Layer Info Object' being destroyed
[2019.11.02-18.22.53:737][608]LogSlate: FSceneViewport::OnFocusLost() reason 5
[2019.11.02-18.22.55:047][608]LogSlate: Window 'Message' being destroyed
[2019.11.02-18.23.10:693][543]LogSlate: FSceneViewport::OnFocusLost() reason 0
[2019.11.02-18.23.26:935][513]LogEditorViewport: Clicking on Actor (context menu): Landscape (Landscape)
[2019.11.02-18.23.27:336][513]LogSlate: FSceneViewport::OnFocusLost() reason 5
[2019.11.02-18.23.33:552][871]LogSlate: FSceneViewport::OnFocusLost() reason 0
[2019.11.02-18.26.14:755][537]LogSlate: FSceneViewport::OnFocusLost() reason 0
[2019.11.02-18.26.18:816][742]LogActorComponent: UnregisterComponent: (/Engine/Transient.SphereBrushComponent) Not registered. Aborting.
[2019.11.02-18.28.50:557][930]LogUObjectHash: Compacting FUObjectHashTables data took   2.29ms
[2019.11.02-18.28.50:703][930]LogTexture: Display: Building textures: Texture2D_4 (BGRA8, 64X64)
[2019.11.02-18.28.50:705][930]LogTexture: Display: Building textures: Texture2D_31 (BGRA8, 64X64)
[2019.11.02-18.28.50:705][930]LogTexture: Display: Building textures: Texture2D_33 (BGRA8, 64X64)
[2019.11.02-18.28.50:706][930]LogTexture: Display: Building textures: Texture2D_36 (BGRA8, 64X64)
[2019.11.02-18.28.50:707][930]LogTexture: Display: Building textures: Texture2D_39 (BGRA8, 64X64)
[2019.11.02-18.28.50:708][930]LogTexture: Display: Building textures: Texture2D_42 (BGRA8, 64X64)
[2019.11.02-18.28.50:709][930]LogTexture: Display: Building textures: Texture2D_44 (BGRA8, 64X64)
[2019.11.02-18.28.50:710][930]LogTexture: Display: Building textures: Texture2D_47 (BGRA8, 64X64)
[2019.11.02-18.28.50:711][930]LogTexture: Display: Building textures: Texture2D_50 (BGRA8, 64X64)
[2019.11.02-18.28.50:712][930]LogTexture: Display: Building textures: Texture2D_7 (BGRA8, 64X64)
[2019.11.02-18.28.50:713][930]LogTexture: Display: Building textures: Texture2D_10 (BGRA8, 64X64)
[2019.11.02-18.28.50:714][930]LogTexture: Display: Building textures: Texture2D_12 (BGRA8, 64X64)
[2019.11.02-18.28.50:714][930]LogTexture: Display: Building textures: Texture2D_15 (BGRA8, 64X64)
[2019.11.02-18.28.50:716][930]LogTexture: Display: Building textures: Texture2D_18 (BGRA8, 64X64)
[2019.11.02-18.28.50:716][930]LogTexture: Display: Building textures: Texture2D_21 (BGRA8, 64X64)
[2019.11.02-18.28.50:717][930]LogTexture: Display: Building textures: Texture2D_23 (BGRA8, 64X64)
[2019.11.02-18.28.50:718][930]LogTexture: Display: Building textures: Texture2D_26 (BGRA8, 64X64)
[2019.11.02-18.28.50:719][930]LogTexture: Display: Building textures: Texture2D_29 (BGRA8, 64X64)
[2019.11.02-18.28.50:720][930]LogTexture: Display: Building textures: Texture2D_32 (BGRA8, 64X64)
[2019.11.02-18.28.50:721][930]LogTexture: Display: Building textures: Texture2D_34 (BGRA8, 64X64)
[2019.11.02-18.28.50:731][930]LogTexture: Display: Building textures: Texture2D_35 (BGRA8, 64X64)
[2019.11.02-18.28.50:732][930]LogTexture: Display: Building textures: Texture2D_37 (BGRA8, 64X64)
[2019.11.02-18.28.50:733][930]LogTexture: Display: Building textures: Texture2D_38 (BGRA8, 64X64)
[2019.11.02-18.28.50:734][930]LogTexture: Display: Building textures: Texture2D_40 (BGRA8, 64X64)
[2019.11.02-18.28.50:735][930]LogTexture: Display: Building textures: Texture2D_41 (BGRA8, 64X64)
[2019.11.02-18.28.50:736][930]LogTexture: Display: Building textures: Texture2D_43 (BGRA8, 64X64)
[2019.11.02-18.28.50:737][930]LogTexture: Display: Building textures: Texture2D_45 (BGRA8, 64X64)
[2019.11.02-18.28.50:737][930]LogTexture: Display: Building textures: Texture2D_46 (BGRA8, 64X64)
[2019.11.02-18.28.50:739][930]LogTexture: Display: Building textures: Texture2D_48 (BGRA8, 64X64)
[2019.11.02-18.28.50:740][930]LogTexture: Display: Building textures: Texture2D_49 (BGRA8, 64X64)
[2019.11.02-18.28.50:741][930]LogTexture: Display: Building textures: Texture2D_51 (BGRA8, 64X64)
[2019.11.02-18.28.50:742][930]LogTexture: Display: Building textures: Texture2D_52 (BGRA8, 64X64)
[2019.11.02-18.28.50:742][930]LogTexture: Display: Building textures: Texture2D_5 (BGRA8, 64X64)
[2019.11.02-18.28.50:743][930]LogTexture: Display: Building textures: Texture2D_6 (BGRA8, 64X64)
[2019.11.02-18.28.50:744][930]LogTexture: Display: Building textures: Texture2D_8 (BGRA8, 64X64)
[2019.11.02-18.28.50:745][930]LogTexture: Display: Building textures: Texture2D_9 (BGRA8, 64X64)
[2019.11.02-18.28.50:746][930]LogTexture: Display: Building textures: Texture2D_11 (BGRA8, 64X64)
[2019.11.02-18.28.50:746][930]LogTexture: Display: Building textures: Texture2D_13 (BGRA8, 64X64)
[2019.11.02-18.28.50:747][930]LogTexture: Display: Building textures: Texture2D_14 (BGRA8, 64X64)
[2019.11.02-18.28.50:747][930]LogTexture: Display: Building textures: Texture2D_16 (BGRA8, 64X64)
[2019.11.02-18.28.50:748][930]LogTexture: Display: Building textures: Texture2D_17 (BGRA8, 64X64)
[2019.11.02-18.28.50:749][930]LogTexture: Display: Building textures: Texture2D_19 (BGRA8, 64X64)
[2019.11.02-18.28.50:750][930]LogTexture: Display: Building textures: Texture2D_20 (BGRA8, 64X64)
[2019.11.02-18.28.50:750][930]LogTexture: Display: Building textures: Texture2D_22 (BGRA8, 64X64)
[2019.11.02-18.28.50:751][930]LogTexture: Display: Building textures: Texture2D_24 (BGRA8, 64X64)
[2019.11.02-18.28.50:752][930]LogTexture: Display: Building textures: Texture2D_25 (BGRA8, 64X64)
[2019.11.02-18.28.50:753][930]LogTexture: Display: Building textures: Texture2D_27 (BGRA8, 64X64)
[2019.11.02-18.28.50:754][930]LogTexture: Display: Building textures: Texture2D_28 (BGRA8, 64X64)
[2019.11.02-18.28.50:754][930]LogTexture: Display: Building textures: Texture2D_30 (BGRA8, 64X64)
[2019.11.02-18.28.51:270][930]LogSavePackage: Moving '../../../../../../Users/Vatsav/Documents/Unreal Projects/AZALandscape/Saved/AZALandscape_Auto23F113D5D4B8B66B41B2BC181E1EE8CF7.tmp' to '../../../../../../Users/Vatsav/Documents/Unreal Projects/AZALandscape/Saved/Autosaves/Game/AZALandscape_Auto2.umap'
[2019.11.02-18.28.51:289][930]LogFileHelpers: Editor autosave (incl. sublevels) for '/Game/AZALandscape' took 0.765
[2019.11.02-18.28.51:289][930]LogFileHelpers: Editor autosave (incl. sublevels) for all levels took 0.765
[2019.11.02-18.28.51:297][930]OBJ SavePackage: Generating thumbnails for [0] asset(s) in package [/Game/AZALandscape_sharedassets/Grass_LayerInfo] ([1] browsable assets)...
[2019.11.02-18.28.51:297][930]OBJ SavePackage: Finished generating thumbnails for package [/Game/AZALandscape_sharedassets/Grass_LayerInfo]
[2019.11.02-18.28.51:299][930]LogSavePackage: Moving '../../../../../../Users/Vatsav/Documents/Unreal Projects/AZALandscape/Saved/Grass_LayerInfo_Auto2A3B003134173FBF386CE6C99E49916A4.tmp' to '../../../../../../Users/Vatsav/Documents/Unreal Projects/AZALandscape/Saved/Autosaves/Game/AZALandscape_sharedassets/Grass_LayerInfo_Auto2.uasset'
[2019.11.02-18.28.51:301][930]OBJ SavePackage: Generating thumbnails for [0] asset(s) in package [/Game/AZALandscape_sharedassets/Dirt_LayerInfo] ([1] browsable assets)...
[2019.11.02-18.28.51:301][930]OBJ SavePackage: Finished generating thumbnails for package [/Game/AZALandscape_sharedassets/Dirt_LayerInfo]
[2019.11.02-18.28.51:303][930]LogSavePackage: Moving '../../../../../../Users/Vatsav/Documents/Unreal Projects/AZALandscape/Saved/Dirt_LayerInfo_Auto23475BBC946CDA90A96419884184FDFAE.tmp' to '../../../../../../Users/Vatsav/Documents/Unreal Projects/AZALandscape/Saved/Autosaves/Game/AZALandscape_sharedassets/Dirt_LayerInfo_Auto2.uasset'
[2019.11.02-18.28.51:304][930]LogFileHelpers: Auto-saving content packages took 0.010
[2019.11.02-18.39.51:042][901]LogSlate: FSceneViewport::OnFocusLost() reason 0
